[2025-10-31 15:21:15] ========================================
[2025-10-31 15:21:15] Starting automated database backup...
[2025-10-31 15:21:15] ========================================
[2025-10-31 15:21:15] Database: acss1
[2025-10-31 15:21:15] Tables to backup: 42
[2025-10-31 15:21:15] Backing up table 1/42: academic_calendar
[2025-10-31 15:21:15] Backing up table 2/42: activity_logs
[2025-10-31 15:21:15] Backing up table 3/42: auth_logs
[2025-10-31 15:21:15] Backing up table 4/42: chair_departments
[2025-10-31 15:21:15] Backing up table 5/42: classroom_departments
[2025-10-31 15:21:15] Backing up table 6/42: classrooms
[2025-10-31 15:21:15] Backing up table 7/42: colleges
[2025-10-31 15:21:15] Backing up table 8/42: course_offerings
[2025-10-31 15:21:15] Backing up table 9/42: courses
[2025-10-31 15:21:15] Backing up table 10/42: curricula
[2025-10-31 15:21:15] Backing up table 11/42: curriculum_approvals
[2025-10-31 15:21:15] Backing up table 12/42: curriculum_courses
[2025-10-31 15:21:15] Backing up table 13/42: curriculum_group_courses
[2025-10-31 15:21:15] Backing up table 14/42: curriculum_programs
[2025-10-31 15:21:15] Backing up table 15/42: curriculum_versions
[2025-10-31 15:21:15] Backing up table 16/42: deans
[2025-10-31 15:21:15] Backing up table 17/42: department_instructors
[2025-10-31 15:21:15] Backing up table 18/42: departments
[2025-10-31 15:21:15] Backing up table 19/42: faculty
[2025-10-31 15:21:15] Backing up table 20/42: faculty_departments
[2025-10-31 15:21:15] Backing up table 21/42: faculty_requests
[2025-10-31 15:21:15] Backing up table 22/42: prerequisite_chains
[2025-10-31 15:21:15] Backing up table 23/42: program_chairs
[2025-10-31 15:21:15] Backing up table 24/42: program_requirements
[2025-10-31 15:21:15] Backing up table 25/42: programs
[2025-10-31 15:21:15] Backing up table 26/42: reports
[2025-10-31 15:21:15] Backing up table 27/42: roles
[2025-10-31 15:21:15] Backing up table 28/42: room_reservations
[2025-10-31 15:21:15] Backing up table 29/42: schedule_deadlines
[2025-10-31 15:21:15] Backing up table 30/42: schedule_requests
[2025-10-31 15:21:15] Backing up table 31/42: schedules
[2025-10-31 15:21:15] Backing up table 32/42: section_courses
[2025-10-31 15:21:15] Backing up table 33/42: sections
[2025-10-31 15:21:15] Backing up table 34/42: semesters
[2025-10-31 15:21:15] Backing up table 35/42: specializations
[2025-10-31 15:21:15] Backing up table 36/42: subject_groups
[2025-10-31 15:21:15] Backing up table 37/42: teaching_loads
[2025-10-31 15:21:15] Backing up table 38/42: user_metadata
[2025-10-31 15:21:15] Backing up table 39/42: user_roles
[2025-10-31 15:21:15] Backing up table 40/42: users
[2025-10-31 15:21:15] Backing up table 41/42: vpaa
[2025-10-31 15:21:15] Backing up table 42/42: vw_subject_types
[2025-10-31 15:21:15] Writing backup file...
[2025-10-31 15:21:15] Backup file created: 232.64 KB
[2025-10-31 15:21:15] Compressing backup...
[2025-10-31 15:21:15] Backup compressed: 30.35 KB
[2025-10-31 15:21:15] Cleaning up old backups...
[2025-10-31 15:21:15] No old backups to clean up
[2025-10-31 15:21:15] ✓ SUCCESS: Database backup created successfully: backup_acss1_2025-10-31_15-21-15.sql.zip (30.35 KB)
