[2025-11-01 16:24:29] ========================================
[2025-11-01 16:24:29] Starting automated database backup...
[2025-11-01 16:24:29] ========================================
[2025-11-01 16:24:29] Database: acss1
[2025-11-01 16:24:29] Tables to backup: 43
[2025-11-01 16:24:29] Backing up table 1/43: academic_calendar
[2025-11-01 16:24:29] Backing up table 2/43: activity_logs
[2025-11-01 16:24:29] Backing up table 3/43: auth_logs
[2025-11-01 16:24:29] Backing up table 4/43: chair_departments
[2025-11-01 16:24:29] Backing up table 5/43: classroom_departments
[2025-11-01 16:24:29] Backing up table 6/43: classrooms
[2025-11-01 16:24:29] Backing up table 7/43: colleges
[2025-11-01 16:24:29] Backing up table 8/43: course_offerings
[2025-11-01 16:24:29] Backing up table 9/43: courses
[2025-11-01 16:24:29] Backing up table 10/43: curricula
[2025-11-01 16:24:29] Backing up table 11/43: curriculum_approvals
[2025-11-01 16:24:29] Backing up table 12/43: curriculum_courses
[2025-11-01 16:24:29] Backing up table 13/43: curriculum_group_courses
[2025-11-01 16:24:29] Backing up table 14/43: curriculum_programs
[2025-11-01 16:24:29] Backing up table 15/43: curriculum_versions
[2025-11-01 16:24:29] Backing up table 16/43: deans
[2025-11-01 16:24:29] Backing up table 17/43: department_instructors
[2025-11-01 16:24:29] Backing up table 18/43: departments
[2025-11-01 16:24:29] Backing up table 19/43: faculty
[2025-11-01 16:24:29] Backing up table 20/43: faculty_departments
[2025-11-01 16:24:29] Backing up table 21/43: faculty_requests
[2025-11-01 16:24:29] Backing up table 22/43: prerequisite_chains
[2025-11-01 16:24:29] Backing up table 23/43: program_chairs
[2025-11-01 16:24:29] Backing up table 24/43: program_requirements
[2025-11-01 16:24:29] Backing up table 25/43: programs
[2025-11-01 16:24:29] Backing up table 26/43: reports
[2025-11-01 16:24:29] Backing up table 27/43: roles
[2025-11-01 16:24:29] Backing up table 28/43: room_reservations
[2025-11-01 16:24:29] Backing up table 29/43: schedule_deadlines
[2025-11-01 16:24:29] Backing up table 30/43: schedule_requests
[2025-11-01 16:24:29] Backing up table 31/43: schedules
[2025-11-01 16:24:29] Backing up table 32/43: section_courses
[2025-11-01 16:24:29] Backing up table 33/43: sections
[2025-11-01 16:24:29] Backing up table 34/43: semesters
[2025-11-01 16:24:29] Backing up table 35/43: specializations
[2025-11-01 16:24:29] Backing up table 36/43: subject_groups
[2025-11-01 16:24:29] Backing up table 37/43: system_settings
[2025-11-01 16:24:29] Backing up table 38/43: teaching_loads
[2025-11-01 16:24:29] Backing up table 39/43: user_metadata
[2025-11-01 16:24:29] Backing up table 40/43: user_roles
[2025-11-01 16:24:29] Backing up table 41/43: users
[2025-11-01 16:24:29] Backing up table 42/43: vpaa
[2025-11-01 16:24:29] Backing up table 43/43: vw_subject_types
[2025-11-01 16:24:29] Writing backup file...
[2025-11-01 16:24:29] Backup file created: 223.36 KB
[2025-11-01 16:24:29] Compressing backup...
[2025-11-01 16:24:29] Backup compressed: 29.59 KB
[2025-11-01 16:24:29] Cleaning up old backups...
[2025-11-01 16:24:29] No old backups to clean up
[2025-11-01 16:24:29] ✓ SUCCESS: Database backup created successfully: backup_acss1_2025-11-01_16-24-29.sql.zip (29.59 KB)
